<?xml version="1.0" encoding="UTF-8"?>
<!-- Generated by org.testng.reporters.JUnitReportReporter -->
<testsuite hostname="DESKTOP-0SFLTPR" failures="0" tests="1" name="com.webtest.demo.demo" time="0.011" errors="0" timestamp="12 11æœˆ 2019 08:45:32 GMT" skipped="0">
  <testcase classname="com.webtest.demo.demo" name="demo" time="0.011"/>
</testsuite> <!-- com.webtest.demo.demo -->
