<?xml version="1.0" encoding="UTF-8"?>
<!-- Generated by org.testng.reporters.JUnitReportReporter -->
<testsuite hostname="DESKTOP-0SFLTPR" failures="0" tests="1" name="com.webtest.dataprovider.NSDataProvider" time="0.000" errors="0" timestamp="12 11æœˆ 2019 07:32:03 GMT" skipped="1">
  <testcase classname="com.webtest.dataprovider.NSDataProvider" name="getData" time="0.000">
    <skipped/>
  </testcase> <!-- getData -->
</testsuite> <!-- com.webtest.dataprovider.NSDataProvider -->
