<?xml version="1.0" encoding="UTF-8"?>
<!-- Generated by org.testng.reporters.JUnitReportReporter -->
<testsuite skipped="0" hostname="LAPTOP-M7QPAFTV" name="com.edu.mayinxiang.test1_zhuangtai" tests="2" failures="0" timestamp="03 十二月 2019 06:42:19 GMT" time="13.869" errors="0">
  <testcase name="test" time="8.248" classname="com.edu.mayinxiang.test1_zhuangtai"/>
  <testcase name="testLogin" time="5.621" classname="com.edu.mayinxiang.test1_zhuangtai"/>
</testsuite> <!-- com.edu.mayinxiang.test1_zhuangtai -->
