<?xml version="1.0" encoding="UTF-8"?>
<!-- Generated by org.testng.reporters.JUnitReportReporter -->
<testsuite skipped="0" hostname="LAPTOP-M7QPAFTV" name="com.edu.mayinxiang.test1_zhuangtai" tests="2" failures="0" timestamp="04 十二月 2019 08:44:35 GMT" time="15.488" errors="0">
  <testcase name="test123" time="7.365" classname="com.edu.mayinxiang.test1_zhuangtai"/>
  <testcase name="testLogin" time="8.123" classname="com.edu.mayinxiang.test1_zhuangtai"/>
</testsuite> <!-- com.edu.mayinxiang.test1_zhuangtai -->
