<?xml version="1.0" encoding="UTF-8"?>
<!-- Generated by org.testng.reporters.JUnitReportReporter -->
<testsuite skipped="0" hostname="LAPTOP-L272M27H" name="com.edu.yanxiaoqian.Test2" tests="3" failures="0" timestamp="04 十二月 2019 00:32:21 GMT" time="27.571" errors="0">
  <testcase name="testZcxy1" time="5.023" classname="com.edu.yanxiaoqian.Test2"/>
  <testcase name="testLogin" time="6.815" classname="com.edu.yanxiaoqian.Test2"/>
  <testcase name="testZcxy2" time="15.733" classname="com.edu.yanxiaoqian.Test2"/>
</testsuite> <!-- com.edu.yanxiaoqian.Test2 -->
