<?xml version="1.0" encoding="UTF-8"?>
<!-- Generated by org.testng.reporters.JUnitReportReporter -->
<testsuite skipped="0" hostname="LAPTOP-L272M27H" name="com.edu.yanxiaoqian.Test1" tests="2" failures="0" timestamp="03 十二月 2019 09:14:18 GMT" time="1.330" errors="0">
  <testcase name="testBz" time="0.099" classname="com.edu.yanxiaoqian.Test1"/>
  <testcase name="testLogin" time="1.231" classname="com.edu.yanxiaoqian.Test1"/>
</testsuite> <!-- com.edu.yanxiaoqian.Test1 -->
