<?xml version="1.0" encoding="UTF-8"?>
<!-- Generated by org.testng.reporters.JUnitReportReporter -->
<testsuite skipped="0" hostname="LAPTOP-M7QPAFTV" name="com.edu.mayinxiang.test31_forumsetup" tests="2" failures="0" timestamp="04 十二月 2019 08:55:58 GMT" time="13.774" errors="0">
  <testcase name="test" time="7.999" classname="com.edu.mayinxiang.test31_forumsetup"/>
  <testcase name="testLogin" time="5.775" classname="com.edu.mayinxiang.test31_forumsetup"/>
</testsuite> <!-- com.edu.mayinxiang.test31_forumsetup -->
